0 info it worked if it ends with ok
1 verbose cli [ 'C:\\Program Files (x86)\\nodejs\\node.exe',
1 verbose cli   'C:\\Program Files (x86)\\nodejs\\node_modules\\npm\\bin\\npm-cli.js',
1 verbose cli   'run',
1 verbose cli   'start:win32' ]
2 info using npm@3.10.10
3 info using node@v6.11.3
4 verbose run-script [ 'prestart:win32', 'start:win32', 'poststart:win32' ]
5 info lifecycle css-grid@1.0.0~prestart:win32: css-grid@1.0.0
6 silly lifecycle css-grid@1.0.0~prestart:win32: no script for prestart:win32, continuing
7 info lifecycle css-grid@1.0.0~start:win32: css-grid@1.0.0
8 verbose lifecycle css-grid@1.0.0~start:win32: unsafe-perm in lifecycle true
9 verbose lifecycle css-grid@1.0.0~start:win32: PATH: C:\Program Files (x86)\nodejs\node_modules\npm\bin\node-gyp-bin;E:\Personal\css-grid\node_modules\.bin;C:\Program Files (x86)\nodejs\node_modules\npm\bin\node-gyp-bin;E:\Personal\css-grid\node_modules\.bin;C:\ProgramData\Oracle\Java\javapath;C:\WINDOWS\system32;C:\WINDOWS;C:\WINDOWS\System32\Wbem;C:\WINDOWS\System32\WindowsPowerShell\v1.0\;C:\Windows\CCM;C:\WINDOWS\system32\config\systemprofile\.dnx\bin;C:\Program Files\Microsoft DNX\Dnvm\;C:\Program Files (x86)\Windows Kits\8.1\Windows Performance Toolkit\;C:\Program Files (x86)\Microsoft Emulator Manager\1.0\;C:\Program Files\Microsoft SQL Server\130\Tools\Binn\;C:\Program Files (x86)\nodejs\;C:\Program Files\Git\cmd;C:\Ruby200-x64\bin;;C:\Program Files (x86)\Bitvise SSH Client;C:\Ruby24-x64\bin;C:\Users\okleefke\AppData\Local\Microsoft\WindowsApps;C:\Users\okleefke\AppData\Local\atom\bin;C:\Users\okleefke\AppData\Roaming\npm;
10 verbose lifecycle css-grid@1.0.0~start:win32: CWD: E:\Personal\css-grid
11 silly lifecycle css-grid@1.0.0~start:win32: Args: [ '/d /s /c',
11 silly lifecycle   'browser-sync start --server --files \'**/*.css, **/*.html, **/*.js, !node_modules/**/*\' --directory --port 7777 --browser "C:\\Program Files\\Firefox Developer Edition\\firefox.exe"' ]
12 verbose stack Error: kill ENOSYS
12 verbose stack     at exports._errnoException (util.js:1020:11)
12 verbose stack     at process.kill (internal/process.js:190:13)
12 verbose stack     at process.listener (C:\Program Files (x86)\nodejs\node_modules\npm\node_modules\npmlog\node_modules\gauge\node_modules\signal-exit\index.js:86:15)
12 verbose stack     at emitNone (events.js:91:20)
12 verbose stack     at process.emit (events.js:185:7)
12 verbose stack     at processEmit (C:\Program Files (x86)\nodejs\node_modules\npm\node_modules\npmlog\node_modules\gauge\node_modules\signal-exit\index.js:146:32)
12 verbose stack     at processEmit (C:\Program Files (x86)\nodejs\node_modules\npm\node_modules\npm-registry-client\node_modules\npmlog\node_modules\gauge\node_modules\signal-exit\index.js:146:32)
12 verbose stack     at Signal.wrap.onsignal (internal/process.js:217:44)
13 verbose cwd E:\Personal\css-grid
14 error Windows_NT 10.0.15063
15 error argv "C:\\Program Files (x86)\\nodejs\\node.exe" "C:\\Program Files (x86)\\nodejs\\node_modules\\npm\\bin\\npm-cli.js" "run" "start:win32"
16 error node v6.11.3
17 error npm  v3.10.10
18 error code ENOSYS
19 error errno ENOSYS
20 error syscall kill
21 error kill ENOSYS
22 error If you need help, you may report this error at:
22 error     <https://github.com/npm/npm/issues>
23 verbose exit [ 1, true ]
